\BOOKMARK [1][-]{section.1}{\376\377\0001\000\040\000m\000t\000o\000c\000+\000+\000\040\0001\000.\0005\000\040\000S\000o\000f\000t\000w\000a\000r\000e\000\040\000D\000o\000c\000u\000m\000e\000n\000t\000a\000t\000i\000o\000n}{}% 1
\BOOKMARK [2][-]{subsection.1.1}{\376\377\0001\000.\0001\000\040\000I\000n\000t\000r\000o\000d\000u\000c\000t\000i\000o\000n}{section.1}% 2
\BOOKMARK [2][-]{subsection.1.2}{\376\377\0001\000.\0002\000\040\000C\000o\000n\000t\000e\000n\000t\000s}{section.1}% 3
\BOOKMARK [2][-]{subsection.1.3}{\376\377\0001\000.\0003\000\040\000D\000o\000w\000n\000l\000o\000a\000d\000s}{section.1}% 4
\BOOKMARK [1][-]{section.2}{\376\377\0002\000\040\000C\000h\000a\000n\000g\000e\000s\000\040\000a\000n\000d\000\040\000n\000e\000w\000\040\000f\000e\000a\000t\000u\000r\000e\000s\000\040\000i\000n\000\040\000m\000t\000o\000c\000+\000+}{}% 5
\BOOKMARK [2][-]{subsection.2.1}{\376\377\0002\000.\0001\000\040\000N\000e\000w\000\040\000f\000e\000a\000t\000u\000r\000e\000s\000\040\000i\000n\000\040\000m\000t\000o\000c\000+\000+\000\040\0000\000.\0001}{section.2}% 6
\BOOKMARK [2][-]{subsection.2.2}{\376\377\0002\000.\0002\000\040\000C\000h\000a\000n\000g\000e\000s\000\040\000i\000n\000\040\000m\000t\000o\000c\000+\000+\000\040\0000\000.\0001}{section.2}% 7
\BOOKMARK [2][-]{subsection.2.3}{\376\377\0002\000.\0003\000\040\000N\000e\000w\000\040\000f\000e\000a\000t\000u\000r\000e\000s\000\040\000i\000n\000\040\000m\000t\000o\000c\000+\000+\000\040\0001\000.\0002}{section.2}% 8
\BOOKMARK [2][-]{subsection.2.4}{\376\377\0002\000.\0004\000\040\000C\000h\000a\000n\000g\000e\000s\000\040\000i\000n\000\040\000m\000t\000o\000c\000+\000+\000\040\0001\000.\0002}{section.2}% 9
\BOOKMARK [2][-]{subsection.2.5}{\376\377\0002\000.\0005\000\040\000N\000e\000w\000\040\000f\000e\000a\000t\000u\000r\000e\000s\000\040\000i\000n\000\040\000m\000t\000o\000c\000+\000+\000\040\0001\000.\0003}{section.2}% 10
\BOOKMARK [2][-]{subsection.2.6}{\376\377\0002\000.\0006\000\040\000C\000h\000a\000n\000g\000e\000s\000\040\000i\000n\000\040\000m\000t\000o\000c\000+\000+\000\040\0001\000.\0003}{section.2}% 11
\BOOKMARK [2][-]{subsection.2.7}{\376\377\0002\000.\0007\000\040\000N\000e\000w\000\040\000f\000e\000a\000t\000u\000r\000e\000s\000\040\000i\000n\000\040\000m\000t\000o\000c\000+\000+\000\040\0001\000.\0004}{section.2}% 12
\BOOKMARK [2][-]{subsection.2.8}{\376\377\0002\000.\0008\000\040\000C\000h\000a\000n\000g\000e\000s\000\040\000i\000n\000\040\000m\000t\000o\000c\000+\000+\000\040\0001\000.\0004}{section.2}% 13
\BOOKMARK [2][-]{subsection.2.9}{\376\377\0002\000.\0009\000\040\000N\000e\000w\000\040\000f\000e\000a\000t\000u\000r\000e\000s\000\040\000i\000n\000\040\000m\000t\000o\000c\000+\000+\000\040\0001\000.\0005}{section.2}% 14
\BOOKMARK [2][-]{subsection.2.10}{\376\377\0002\000.\0001\0000\000\040\000C\000h\000a\000n\000g\000e\000s\000\040\000i\000n\000\040\000m\000t\000o\000c\000+\000+\000\040\0001\000.\0005}{section.2}% 15
\BOOKMARK [1][-]{section.3}{\376\377\0003\000\040\000D\000o\000w\000n\000l\000o\000a\000d\000i\000n\000g\000\040\000m\000t\000o\000c\000+\000+}{}% 16
\BOOKMARK [2][-]{subsection.3.1}{\376\377\0003\000.\0001\000\040\000O\000b\000t\000a\000i\000n\000i\000n\000g\000\040\000m\000t\000o\000c\000+\000+\000\040\000v\000i\000a\000\040\000t\000h\000e\000\040\000G\000I\000T\000\040\000v\000e\000r\000s\000i\000o\000n\000i\000n\000g\000\040\000s\000y\000s\000t\000e\000m}{section.3}% 17
\BOOKMARK [2][-]{subsection.3.2}{\376\377\0003\000.\0002\000\040\000m\000t\000o\000c\000+\000+\000\040\0001\000.\0005}{section.3}% 18
\BOOKMARK [1][-]{section.4}{\376\377\0004\000\040\000m\000t\000o\000c\000+\000+\000\040\000l\000i\000c\000e\000n\000s\000e\000\040\000c\000o\000n\000d\000i\000t\000i\000o\000n\000s}{}% 19
\BOOKMARK [1][-]{section.5}{\376\377\0005\000\040\000m\000t\000o\000c\000+\000+\000\040\000i\000n\000s\000t\000a\000l\000l\000a\000t\000i\000o\000n\000\040\000i\000n\000s\000t\000r\000u\000c\000t\000i\000o\000n\000s}{}% 20
\BOOKMARK [2][-]{subsection.5.1}{\376\377\0005\000.\0001\000\040\000S\000o\000f\000t\000w\000a\000r\000e\000\040\000r\000e\000q\000u\000i\000r\000e\000m\000e\000n\000t\000s\000\040\000a\000n\000d\000\040\000r\000e\000c\000o\000m\000m\000e\000n\000d\000a\000t\000i\000o\000n\000s}{section.5}% 21
\BOOKMARK [2][-]{subsection.5.2}{\376\377\0005\000.\0002\000\040\000U\000s\000i\000n\000g\000\040\000p\000r\000e\000c\000o\000m\000p\000i\000l\000e\000d\000\040\000b\000i\000n\000a\000r\000i\000e\000s}{section.5}% 22
\BOOKMARK [3][-]{subsubsection.5.2.1}{\376\377\0005\000.\0002\000.\0001\000\040\000W\000i\000n\000d\000o\000w\000s\000\040\000u\000s\000e\000r\000s}{subsection.5.2}% 23
\BOOKMARK [3][-]{subsubsection.5.2.2}{\376\377\0005\000.\0002\000.\0002\000\040\000U\000n\000i\000x\000\040\000b\000i\000n\000a\000r\000i\000e\000s}{subsection.5.2}% 24
\BOOKMARK [2][-]{subsection.5.3}{\376\377\0005\000.\0003\000\040\000C\000o\000m\000p\000i\000l\000i\000n\000g\000\040\000m\000t\000o\000c\000+\000+\000\040\000f\000r\000o\000m\000\040\000s\000o\000u\000r\000c\000e}{section.5}% 25
\BOOKMARK [3][-]{subsubsection.5.3.1}{\376\377\0005\000.\0003\000.\0001\000\040\000W\000i\000n\000d\000o\000w\000s\000\040\000p\000l\000a\000t\000f\000o\000r\000m\000s}{subsection.5.3}% 26
\BOOKMARK [3][-]{subsubsection.5.3.2}{\376\377\0005\000.\0003\000.\0002\000\040\000U\000n\000i\000x\000\040\000p\000l\000a\000t\000f\000o\000r\000m\000s}{subsection.5.3}% 27
\BOOKMARK [3][-]{subsubsection.5.3.3}{\376\377\0005\000.\0003\000.\0003\000\040\000A\000p\000p\000l\000e\000\040\000h\000i\000n\000t\000s}{subsection.5.3}% 28
\BOOKMARK [3][-]{subsubsection.5.3.4}{\376\377\0005\000.\0003\000.\0004\000\040\000C\000M\000a\000k\000e\000\040\000o\000p\000t\000i\000o\000n\000s\000:\000\040\000I\000n\000s\000t\000a\000l\000l\000a\000t\000i\000o\000n\000\040\000f\000o\000l\000d\000e\000r\000s\000\040\000a\000n\000d\000\040\000c\000u\000s\000t\000o\000m\000i\000z\000a\000t\000i\000o\000n}{subsection.5.3}% 29
\BOOKMARK [2][-]{subsection.5.4}{\376\377\0005\000.\0004\000\040\000T\000e\000s\000t\000i\000n\000g}{section.5}% 30
\BOOKMARK [1][-]{section.6}{\376\377\0006\000\040\000T\000i\000p\000s\000\040\000f\000o\000r\000\040\000d\000o\000x\000y\000g\000e\000n\000\040\000u\000s\000a\000g\000e\000\040\000w\000i\000t\000h\000\040\000m\000t\000o\000c}{}% 31
\BOOKMARK [2][-]{subsection.6.1}{\376\377\0006\000.\0001\000\040\000F\000e\000a\000t\000u\000r\000e\000\040\000a\000n\000d\000\040\000c\000h\000a\000n\000g\000e\000\040\000t\000r\000a\000c\000k\000i\000n\000g\000\040\000i\000n\000f\000o\000r\000m\000a\000t\000i\000o\000n}{section.6}% 32
\BOOKMARK [3][-]{subsubsection.6.1.1}{\376\377\0006\000.\0001\000.\0001\000\040\000N\000e\000w\000\040\000f\000e\000a\000t\000u\000r\000e\000\040\000a\000n\000d\000\040\000c\000h\000a\000n\000g\000e\000\040\000l\000o\000g\000\040\000c\000o\000m\000m\000a\000n\000d\000s}{subsection.6.1}% 33
\BOOKMARK [1][-]{section.7}{\376\377\0007\000\040\000C\000o\000n\000f\000i\000g\000u\000r\000a\000t\000i\000o\000n\000\040\000a\000n\000d\000\040\000u\000s\000e\000\040\000o\000f\000\040\000m\000t\000o\000c\000+\000+}{}% 34
\BOOKMARK [2][-]{subsection.7.1}{\376\377\0007\000.\0001\000\040\000D\000o\000c\000u\000m\000e\000n\000t\000a\000t\000i\000o\000n\000\040\000c\000r\000e\000a\000t\000i\000o\000n}{section.7}% 35
\BOOKMARK [3][-]{subsubsection.7.1.1}{\376\377\0007\000.\0001\000.\0001\000\040\000U\000s\000i\000n\000g\000\040\000t\000h\000e\000\040\000M\000a\000t\000l\000a\000b\000D\000o\000c\000M\000a\000k\000e\000r}{subsection.7.1}% 36
\BOOKMARK [3][-]{subsubsection.7.1.2}{\376\377\0007\000.\0001\000.\0002\000\040\000U\000s\000i\000n\000g\000\040\000m\000t\000o\000c\000+\000+\000\040\000d\000i\000r\000e\000c\000t\000l\000y}{subsection.7.1}% 37
\BOOKMARK [3][-]{subsubsection.7.1.3}{\376\377\0007\000.\0001\000.\0003\000\040\000U\000s\000i\000n\000g\000\040\000t\000h\000e\000\040\000p\000y\000t\000h\000o\000n\000\040\000s\000c\000r\000i\000p\000t\000\040\000f\000r\000o\000m\000\040\000a\000\040\000u\000n\000i\000x\000\040\000s\000h\000e\000l\000l}{subsection.7.1}% 38
\BOOKMARK [2][-]{subsection.7.2}{\376\377\0007\000.\0002\000\040\000C\000o\000n\000f\000i\000g\000u\000r\000i\000n\000g\000\040\000m\000t\000o\000c\000+\000+\000\040\000a\000n\000d\000\040\000d\000o\000x\000y\000g\000e\000n}{section.7}% 39
\BOOKMARK [3][-]{subsubsection.7.2.1}{\376\377\0007\000.\0002\000.\0001\000\040\000C\000o\000n\000f\000i\000g\000u\000r\000a\000t\000i\000o\000n\000\040\000o\000p\000t\000i\000o\000n\000s\000\040\000f\000o\000r\000\040\000d\000o\000x\000y\000g\000e\000n}{subsection.7.2}% 40
\BOOKMARK [3][-]{subsubsection.7.2.2}{\376\377\0007\000.\0002\000.\0002\000\040\000C\000o\000n\000f\000i\000g\000u\000r\000a\000t\000i\000o\000n\000\040\000o\000p\000t\000i\000o\000n\000s\000\040\000f\000o\000r\000\040\000t\000h\000e\000\040\000m\000t\000o\000c\000+\000+\000\040\000f\000i\000l\000t\000e\000r}{subsection.7.2}% 41
\BOOKMARK [3][-]{subsubsection.7.2.3}{\376\377\0007\000.\0002\000.\0003\000\040\000E\000x\000t\000e\000n\000d\000i\000n\000g\000\040\000d\000e\000f\000a\000u\000l\000t\000\040\000L\000a\000T\000e\000X\000\040\000e\000n\000v\000i\000r\000o\000n\000m\000e\000n\000t\000\040\000f\000o\000r\000\040\000d\000o\000x\000y\000g\000e\000n}{subsection.7.2}% 42
\BOOKMARK [3][-]{subsubsection.7.2.4}{\376\377\0007\000.\0002\000.\0004\000\040\000F\000a\000k\000e\000\040\000c\000l\000a\000s\000s\000e\000s\000\040\000f\000o\000r\000\040\000t\000y\000p\000i\000c\000a\000l\000\040\000M\000a\000t\000L\000a\000b\000\040\000d\000a\000t\000a\000\040\000t\000y\000p\000e\000s}{subsection.7.2}% 43
\BOOKMARK [1][-]{section.8}{\376\377\0008\000\040\000T\000r\000o\000u\000b\000l\000e\000s\000h\000o\000o\000t\000i\000n\000g\000\040\000m\000t\000o\000c\000+\000+}{}% 44
\BOOKMARK [2][-]{subsection.8.1}{\376\377\0008\000.\0001\000\040\000C\000o\000n\000f\000i\000g\000u\000r\000a\000t\000i\000o\000n}{section.8}% 45
\BOOKMARK [2][-]{subsection.8.2}{\376\377\0008\000.\0002\000\040\000I\000s\000s\000u\000e\000s\000\040\000f\000i\000n\000d\000i\000n\000g\000\040\000b\000i\000n\000a\000r\000i\000e\000s\000\040\000\050\000M\000A\000C\000\051}{section.8}% 46
\BOOKMARK [2][-]{subsection.8.3}{\376\377\0008\000.\0003\000\040\000D\000e\000b\000u\000g\000g\000i\000n\000g\000\040\000m\000t\000o\000c\000+\000+}{section.8}% 47
\BOOKMARK [1][-]{section.9}{\376\377\0009\000\040\000m\000t\000o\000c\000+\000+\000\040\000D\000e\000v\000e\000l\000o\000p\000e\000r\000s}{}% 48
\BOOKMARK [2][-]{subsection.9.1}{\376\377\0009\000.\0001\000\040\000M\000a\000r\000t\000i\000n\000\040\000D\000r\000o\000h\000m\000a\000n\000n}{section.9}% 49
\BOOKMARK [2][-]{subsection.9.2}{\376\377\0009\000.\0002\000\040\000D\000a\000n\000i\000e\000l\000\040\000W\000i\000r\000t\000z}{section.9}% 50
\BOOKMARK [1][-]{section.10}{\376\377\0001\0000\000\040\000L\000i\000s\000t\000\040\000o\000f\000\040\000a\000l\000l\000\040\000E\000v\000e\000n\000t\000s}{}% 51
\BOOKMARK [1][-]{section.11}{\376\377\0001\0001\000\040\000T\000o\000d\000o\000\040\000L\000i\000s\000t}{}% 52
\BOOKMARK [1][-]{section.12}{\376\377\0001\0002\000\040\000N\000a\000m\000e\000s\000p\000a\000c\000e\000\040\000I\000n\000d\000e\000x}{}% 53
\BOOKMARK [2][-]{subsection.12.1}{\376\377\0001\0002\000.\0001\000\040\000P\000a\000c\000k\000a\000g\000e\000s}{section.12}% 54
\BOOKMARK [1][-]{section.13}{\376\377\0001\0003\000\040\000H\000i\000e\000r\000a\000r\000c\000h\000i\000c\000a\000l\000\040\000I\000n\000d\000e\000x}{}% 55
\BOOKMARK [2][-]{subsection.13.1}{\376\377\0001\0003\000.\0001\000\040\000C\000l\000a\000s\000s\000\040\000H\000i\000e\000r\000a\000r\000c\000h\000y}{section.13}% 56
\BOOKMARK [1][-]{section.14}{\376\377\0001\0004\000\040\000C\000l\000a\000s\000s\000\040\000I\000n\000d\000e\000x}{}% 57
\BOOKMARK [2][-]{subsection.14.1}{\376\377\0001\0004\000.\0001\000\040\000C\000l\000a\000s\000s\000\040\000L\000i\000s\000t}{section.14}% 58
\BOOKMARK [1][-]{section.15}{\376\377\0001\0005\000\040\000F\000i\000l\000e\000\040\000I\000n\000d\000e\000x}{}% 59
\BOOKMARK [2][-]{subsection.15.1}{\376\377\0001\0005\000.\0001\000\040\000F\000i\000l\000e\000\040\000L\000i\000s\000t}{section.15}% 60
\BOOKMARK [1][-]{section.16}{\376\377\0001\0006\000\040\000N\000a\000m\000e\000s\000p\000a\000c\000e\000\040\000D\000o\000c\000u\000m\000e\000n\000t\000a\000t\000i\000o\000n}{}% 61
\BOOKMARK [2][-]{subsection.16.1}{\376\377\0001\0006\000.\0001\000\040\000e\000x\000a\000m\000p\000l\000e\000s\000\040\000N\000a\000m\000e\000s\000p\000a\000c\000e\000\040\000R\000e\000f\000e\000r\000e\000n\000c\000e}{section.16}% 62
\BOOKMARK [3][-]{subsubsection.16.1.1}{\376\377\0001\0006\000.\0001\000.\0001\000\040\000D\000e\000t\000a\000i\000l\000e\000d\000\040\000D\000e\000s\000c\000r\000i\000p\000t\000i\000o\000n}{subsection.16.1}% 63
\BOOKMARK [3][-]{subsubsection.16.1.2}{\376\377\0001\0006\000.\0001\000.\0002\000\040\000F\000u\000n\000c\000t\000i\000o\000n\000\040\000D\000o\000c\000u\000m\000e\000n\000t\000a\000t\000i\000o\000n}{subsection.16.1}% 64
\BOOKMARK [1][-]{section.17}{\376\377\0001\0007\000\040\000C\000l\000a\000s\000s\000\040\000D\000o\000c\000u\000m\000e\000n\000t\000a\000t\000i\000o\000n}{}% 65
\BOOKMARK [2][-]{subsection.17.1}{\376\377\0001\0007\000.\0001\000\040\000A\000c\000c\000e\000s\000s\000S\000t\000r\000u\000c\000t\000\040\000S\000t\000r\000u\000c\000t\000\040\000R\000e\000f\000e\000r\000e\000n\000c\000e}{section.17}% 66
\BOOKMARK [3][-]{subsubsection.17.1.1}{\376\377\0001\0007\000.\0001\000.\0001\000\040\000D\000e\000t\000a\000i\000l\000e\000d\000\040\000D\000e\000s\000c\000r\000i\000p\000t\000i\000o\000n}{subsection.17.1}% 67
\BOOKMARK [2][-]{subsection.17.2}{\376\377\0001\0007\000.\0002\000\040\000c\000e\000l\000l\000\040\000C\000l\000a\000s\000s\000\040\000R\000e\000f\000e\000r\000e\000n\000c\000e}{section.17}% 68
\BOOKMARK [3][-]{subsubsection.17.2.1}{\376\377\0001\0007\000.\0002\000.\0001\000\040\000D\000e\000t\000a\000i\000l\000e\000d\000\040\000D\000e\000s\000c\000r\000i\000p\000t\000i\000o\000n}{subsection.17.2}% 69
\BOOKMARK [2][-]{subsection.17.3}{\376\377\0001\0007\000.\0003\000\040\000c\000h\000a\000r\000\040\000C\000l\000a\000s\000s\000\040\000R\000e\000f\000e\000r\000e\000n\000c\000e}{section.17}% 70
\BOOKMARK [3][-]{subsubsection.17.3.1}{\376\377\0001\0007\000.\0003\000.\0001\000\040\000D\000e\000t\000a\000i\000l\000e\000d\000\040\000D\000e\000s\000c\000r\000i\000p\000t\000i\000o\000n}{subsection.17.3}% 71
\BOOKMARK [2][-]{subsection.17.4}{\376\377\0001\0007\000.\0004\000\040\000e\000x\000a\000m\000p\000l\000e\000s\000:\000:\000C\000l\000a\000s\000s\000\040\000C\000l\000a\000s\000s\000\040\000R\000e\000f\000e\000r\000e\000n\000c\000e}{section.17}% 72
\BOOKMARK [3][-]{subsubsection.17.4.1}{\376\377\0001\0007\000.\0004\000.\0001\000\040\000D\000e\000t\000a\000i\000l\000e\000d\000\040\000D\000e\000s\000c\000r\000i\000p\000t\000i\000o\000n}{subsection.17.4}% 73
\BOOKMARK [3][-]{subsubsection.17.4.2}{\376\377\0001\0007\000.\0004\000.\0002\000\040\000m\000t\000o\000c\000+\000+\000\040\000F\000o\000r\000m\000a\000t\000t\000i\000n\000g\000\040\000c\000o\000m\000m\000a\000n\000d\000s}{subsection.17.4}% 74
\BOOKMARK [3][-]{subsubsection.17.4.3}{\376\377\0001\0007\000.\0004\000.\0003\000\040\000F\000u\000r\000t\000h\000e\000r\000\040\000u\000s\000e\000f\000u\000l\000\040\000d\000o\000x\000y\000g\000e\000n\000\040\000f\000o\000r\000m\000a\000t\000t\000i\000n\000g\000\040\000s\000h\000o\000r\000t\000c\000u\000t\000s}{subsection.17.4}% 75
\BOOKMARK [3][-]{subsubsection.17.4.4}{\376\377\0001\0007\000.\0004\000.\0004\000\040\000M\000e\000m\000b\000e\000r\000\040\000F\000u\000n\000c\000t\000i\000o\000n\000\040\000D\000o\000c\000u\000m\000e\000n\000t\000a\000t\000i\000o\000n}{subsection.17.4}% 76
\BOOKMARK [3][-]{subsubsection.17.4.5}{\376\377\0001\0007\000.\0004\000.\0005\000\040\000M\000e\000m\000b\000e\000r\000\040\000D\000a\000t\000a\000\040\000D\000o\000c\000u\000m\000e\000n\000t\000a\000t\000i\000o\000n}{subsection.17.4}% 77
\BOOKMARK [2][-]{subsection.17.5}{\376\377\0001\0007\000.\0005\000\040\000c\000o\000l\000v\000e\000c\000\040\000C\000l\000a\000s\000s\000\040\000R\000e\000f\000e\000r\000e\000n\000c\000e}{section.17}% 78
\BOOKMARK [3][-]{subsubsection.17.5.1}{\376\377\0001\0007\000.\0005\000.\0001\000\040\000D\000e\000t\000a\000i\000l\000e\000d\000\040\000D\000e\000s\000c\000r\000i\000p\000t\000i\000o\000n}{subsection.17.5}% 79
\BOOKMARK [2][-]{subsection.17.6}{\376\377\0001\0007\000.\0006\000\040\000C\000o\000n\000f\000F\000i\000l\000e\000S\000c\000a\000n\000n\000e\000r\000\040\000C\000l\000a\000s\000s\000\040\000R\000e\000f\000e\000r\000e\000n\000c\000e}{section.17}% 80
\BOOKMARK [3][-]{subsubsection.17.6.1}{\376\377\0001\0007\000.\0006\000.\0001\000\040\000D\000e\000t\000a\000i\000l\000e\000d\000\040\000D\000e\000s\000c\000r\000i\000p\000t\000i\000o\000n}{subsection.17.6}% 81
\BOOKMARK [2][-]{subsection.17.7}{\376\377\0001\0007\000.\0007\000\040\000d\000o\000u\000b\000l\000e\000\040\000C\000l\000a\000s\000s\000\040\000R\000e\000f\000e\000r\000e\000n\000c\000e}{section.17}% 82
\BOOKMARK [3][-]{subsubsection.17.7.1}{\376\377\0001\0007\000.\0007\000.\0001\000\040\000D\000e\000t\000a\000i\000l\000e\000d\000\040\000D\000e\000s\000c\000r\000i\000p\000t\000i\000o\000n}{subsection.17.7}% 83
\BOOKMARK [2][-]{subsection.17.8}{\376\377\0001\0007\000.\0008\000\040\000f\000u\000n\000c\000t\000i\000o\000n\000\137\000h\000a\000n\000d\000l\000e\000\040\000C\000l\000a\000s\000s\000\040\000R\000e\000f\000e\000r\000e\000n\000c\000e}{section.17}% 84
\BOOKMARK [3][-]{subsubsection.17.8.1}{\376\377\0001\0007\000.\0008\000.\0001\000\040\000D\000e\000t\000a\000i\000l\000e\000d\000\040\000D\000e\000s\000c\000r\000i\000p\000t\000i\000o\000n}{subsection.17.8}% 85
\BOOKMARK [2][-]{subsection.17.9}{\376\377\0001\0007\000.\0009\000\040\000h\000a\000n\000d\000l\000e\000\040\000C\000l\000a\000s\000s\000\040\000R\000e\000f\000e\000r\000e\000n\000c\000e}{section.17}% 86
\BOOKMARK [3][-]{subsubsection.17.9.1}{\376\377\0001\0007\000.\0009\000.\0001\000\040\000D\000e\000t\000a\000i\000l\000e\000d\000\040\000D\000e\000s\000c\000r\000i\000p\000t\000i\000o\000n}{subsection.17.9}% 87
\BOOKMARK [3][-]{subsubsection.17.9.2}{\376\377\0001\0007\000.\0009\000.\0002\000\040\000M\000e\000m\000b\000e\000r\000\040\000D\000a\000t\000a\000\040\000D\000o\000c\000u\000m\000e\000n\000t\000a\000t\000i\000o\000n}{subsection.17.9}% 88
\BOOKMARK [2][-]{subsection.17.10}{\376\377\0001\0007\000.\0001\0000\000\040\000e\000x\000a\000m\000p\000l\000e\000s\000:\000:\000I\000n\000h\000e\000r\000i\000t\000e\000d\000C\000l\000a\000s\000s\000\040\000C\000l\000a\000s\000s\000\040\000R\000e\000f\000e\000r\000e\000n\000c\000e}{section.17}% 89
\BOOKMARK [3][-]{subsubsection.17.10.1}{\376\377\0001\0007\000.\0001\0000\000.\0001\000\040\000D\000e\000t\000a\000i\000l\000e\000d\000\040\000D\000e\000s\000c\000r\000i\000p\000t\000i\000o\000n}{subsection.17.10}% 90
\BOOKMARK [3][-]{subsubsection.17.10.2}{\376\377\0001\0007\000.\0001\0000\000.\0002\000\040\000M\000e\000m\000b\000e\000r\000\040\000F\000u\000n\000c\000t\000i\000o\000n\000\040\000D\000o\000c\000u\000m\000e\000n\000t\000a\000t\000i\000o\000n}{subsection.17.10}% 91
\BOOKMARK [3][-]{subsubsection.17.10.3}{\376\377\0001\0007\000.\0001\0000\000.\0003\000\040\000M\000e\000m\000b\000e\000r\000\040\000D\000a\000t\000a\000\040\000D\000o\000c\000u\000m\000e\000n\000t\000a\000t\000i\000o\000n}{subsection.17.10}% 92
\BOOKMARK [2][-]{subsection.17.11}{\376\377\0001\0007\000.\0001\0001\000\040\000i\000n\000t\000e\000g\000e\000r\000\040\000C\000l\000a\000s\000s\000\040\000R\000e\000f\000e\000r\000e\000n\000c\000e}{section.17}% 93
\BOOKMARK [3][-]{subsubsection.17.11.1}{\376\377\0001\0007\000.\0001\0001\000.\0001\000\040\000D\000e\000t\000a\000i\000l\000e\000d\000\040\000D\000e\000s\000c\000r\000i\000p\000t\000i\000o\000n}{subsection.17.11}% 94
\BOOKMARK [2][-]{subsection.17.12}{\376\377\0001\0007\000.\0001\0002\000\040\000l\000o\000g\000i\000c\000a\000l\000\040\000C\000l\000a\000s\000s\000\040\000R\000e\000f\000e\000r\000e\000n\000c\000e}{section.17}% 95
\BOOKMARK [3][-]{subsubsection.17.12.1}{\376\377\0001\0007\000.\0001\0002\000.\0001\000\040\000D\000e\000t\000a\000i\000l\000e\000d\000\040\000D\000e\000s\000c\000r\000i\000p\000t\000i\000o\000n}{subsection.17.12}% 96
\BOOKMARK [2][-]{subsection.17.13}{\376\377\0001\0007\000.\0001\0003\000\040\000M\000a\000t\000l\000a\000b\000D\000o\000c\000M\000a\000k\000e\000r\000\040\000C\000l\000a\000s\000s\000\040\000R\000e\000f\000e\000r\000e\000n\000c\000e}{section.17}% 97
\BOOKMARK [3][-]{subsubsection.17.13.1}{\376\377\0001\0007\000.\0001\0003\000.\0001\000\040\000D\000e\000t\000a\000i\000l\000e\000d\000\040\000D\000e\000s\000c\000r\000i\000p\000t\000i\000o\000n}{subsection.17.13}% 98
\BOOKMARK [3][-]{subsubsection.17.13.2}{\376\377\0001\0007\000.\0001\0003\000.\0002\000\040\000M\000e\000m\000b\000e\000r\000\040\000F\000u\000n\000c\000t\000i\000o\000n\000\040\000D\000o\000c\000u\000m\000e\000n\000t\000a\000t\000i\000o\000n}{subsection.17.13}% 99
\BOOKMARK [3][-]{subsubsection.17.13.3}{\376\377\0001\0007\000.\0001\0003\000.\0003\000\040\000M\000e\000m\000b\000e\000r\000\040\000D\000a\000t\000a\000\040\000D\000o\000c\000u\000m\000e\000n\000t\000a\000t\000i\000o\000n}{subsection.17.13}% 100
\BOOKMARK [2][-]{subsection.17.14}{\376\377\0001\0007\000.\0001\0004\000\040\000m\000a\000t\000r\000i\000x\000\040\000C\000l\000a\000s\000s\000\040\000R\000e\000f\000e\000r\000e\000n\000c\000e}{section.17}% 101
\BOOKMARK [3][-]{subsubsection.17.14.1}{\376\377\0001\0007\000.\0001\0004\000.\0001\000\040\000D\000e\000t\000a\000i\000l\000e\000d\000\040\000D\000e\000s\000c\000r\000i\000p\000t\000i\000o\000n}{subsection.17.14}% 102
\BOOKMARK [2][-]{subsection.17.15}{\376\377\0001\0007\000.\0001\0005\000\040\000M\000e\000t\000h\000o\000d\000P\000a\000r\000a\000m\000s\000\040\000S\000t\000r\000u\000c\000t\000\040\000R\000e\000f\000e\000r\000e\000n\000c\000e}{section.17}% 103
\BOOKMARK [3][-]{subsubsection.17.15.1}{\376\377\0001\0007\000.\0001\0005\000.\0001\000\040\000D\000e\000t\000a\000i\000l\000e\000d\000\040\000D\000e\000s\000c\000r\000i\000p\000t\000i\000o\000n}{subsection.17.15}% 104
\BOOKMARK [2][-]{subsection.17.16}{\376\377\0001\0007\000.\0001\0006\000\040\000M\000F\000i\000l\000e\000S\000c\000a\000n\000n\000e\000r\000\040\000C\000l\000a\000s\000s\000\040\000R\000e\000f\000e\000r\000e\000n\000c\000e}{section.17}% 105
\BOOKMARK [3][-]{subsubsection.17.16.1}{\376\377\0001\0007\000.\0001\0006\000.\0001\000\040\000D\000e\000t\000a\000i\000l\000e\000d\000\040\000D\000e\000s\000c\000r\000i\000p\000t\000i\000o\000n}{subsection.17.16}% 106
\BOOKMARK [2][-]{subsection.17.17}{\376\377\0001\0007\000.\0001\0007\000\040\000o\000r\000d\000e\000r\000e\000d\000\137\000m\000a\000p\000<\000\040\000S\000T\000\040\000>\000\040\000C\000l\000a\000s\000s\000\040\000T\000e\000m\000p\000l\000a\000t\000e\000\040\000R\000e\000f\000e\000r\000e\000n\000c\000e}{section.17}% 107
\BOOKMARK [3][-]{subsubsection.17.17.1}{\376\377\0001\0007\000.\0001\0007\000.\0001\000\040\000D\000e\000t\000a\000i\000l\000e\000d\000\040\000D\000e\000s\000c\000r\000i\000p\000t\000i\000o\000n}{subsection.17.17}% 108
\BOOKMARK [2][-]{subsection.17.18}{\376\377\0001\0007\000.\0001\0008\000\040\000P\000r\000o\000p\000E\000x\000t\000r\000a\000I\000n\000f\000o\000r\000m\000a\000t\000i\000o\000n\000\040\000S\000t\000r\000u\000c\000t\000\040\000R\000e\000f\000e\000r\000e\000n\000c\000e}{section.17}% 109
\BOOKMARK [3][-]{subsubsection.17.18.1}{\376\377\0001\0007\000.\0001\0008\000.\0001\000\040\000D\000e\000t\000a\000i\000l\000e\000d\000\040\000D\000e\000s\000c\000r\000i\000p\000t\000i\000o\000n}{subsection.17.18}% 110
\BOOKMARK [2][-]{subsection.17.19}{\376\377\0001\0007\000.\0001\0009\000\040\000P\000r\000o\000p\000P\000a\000r\000a\000m\000s\000\040\000S\000t\000r\000u\000c\000t\000\040\000R\000e\000f\000e\000r\000e\000n\000c\000e}{section.17}% 111
\BOOKMARK [3][-]{subsubsection.17.19.1}{\376\377\0001\0007\000.\0001\0009\000.\0001\000\040\000D\000e\000t\000a\000i\000l\000e\000d\000\040\000D\000e\000s\000c\000r\000i\000p\000t\000i\000o\000n}{subsection.17.19}% 112
\BOOKMARK [2][-]{subsection.17.20}{\376\377\0001\0007\000.\0002\0000\000\040\000r\000o\000w\000v\000e\000c\000\040\000C\000l\000a\000s\000s\000\040\000R\000e\000f\000e\000r\000e\000n\000c\000e}{section.17}% 113
\BOOKMARK [3][-]{subsubsection.17.20.1}{\376\377\0001\0007\000.\0002\0000\000.\0001\000\040\000D\000e\000t\000a\000i\000l\000e\000d\000\040\000D\000e\000s\000c\000r\000i\000p\000t\000i\000o\000n}{subsection.17.20}% 114
\BOOKMARK [2][-]{subsection.17.21}{\376\377\0001\0007\000.\0002\0001\000\040\000R\000u\000n\000M\000o\000d\000e\000\040\000S\000t\000r\000u\000c\000t\000\040\000R\000e\000f\000e\000r\000e\000n\000c\000e}{section.17}% 115
\BOOKMARK [3][-]{subsubsection.17.21.1}{\376\377\0001\0007\000.\0002\0001\000.\0001\000\040\000D\000e\000t\000a\000i\000l\000e\000d\000\040\000D\000e\000s\000c\000r\000i\000p\000t\000i\000o\000n}{subsection.17.21}% 116
\BOOKMARK [2][-]{subsection.17.22}{\376\377\0001\0007\000.\0002\0002\000\040\000s\000p\000a\000r\000s\000e\000m\000a\000t\000r\000i\000x\000\040\000C\000l\000a\000s\000s\000\040\000R\000e\000f\000e\000r\000e\000n\000c\000e}{section.17}% 117
\BOOKMARK [3][-]{subsubsection.17.22.1}{\376\377\0001\0007\000.\0002\0002\000.\0001\000\040\000D\000e\000t\000a\000i\000l\000e\000d\000\040\000D\000e\000s\000c\000r\000i\000p\000t\000i\000o\000n}{subsection.17.22}% 118
\BOOKMARK [2][-]{subsection.17.23}{\376\377\0001\0007\000.\0002\0003\000\040\000s\000t\000r\000u\000c\000t\000\040\000C\000l\000a\000s\000s\000\040\000R\000e\000f\000e\000r\000e\000n\000c\000e}{section.17}% 119
\BOOKMARK [3][-]{subsubsection.17.23.1}{\376\377\0001\0007\000.\0002\0003\000.\0001\000\040\000D\000e\000t\000a\000i\000l\000e\000d\000\040\000D\000e\000s\000c\000r\000i\000p\000t\000i\000o\000n}{subsection.17.23}% 120
\BOOKMARK [2][-]{subsection.17.24}{\376\377\0001\0007\000.\0002\0004\000\040\000v\000a\000r\000a\000r\000g\000i\000n\000\040\000C\000l\000a\000s\000s\000\040\000R\000e\000f\000e\000r\000e\000n\000c\000e}{section.17}% 121
\BOOKMARK [3][-]{subsubsection.17.24.1}{\376\377\0001\0007\000.\0002\0004\000.\0001\000\040\000D\000e\000t\000a\000i\000l\000e\000d\000\040\000D\000e\000s\000c\000r\000i\000p\000t\000i\000o\000n}{subsection.17.24}% 122
\BOOKMARK [2][-]{subsection.17.25}{\376\377\0001\0007\000.\0002\0005\000\040\000v\000a\000r\000a\000r\000g\000o\000u\000t\000\040\000C\000l\000a\000s\000s\000\040\000R\000e\000f\000e\000r\000e\000n\000c\000e}{section.17}% 123
\BOOKMARK [3][-]{subsubsection.17.25.1}{\376\377\0001\0007\000.\0002\0005\000.\0001\000\040\000D\000e\000t\000a\000i\000l\000e\000d\000\040\000D\000e\000s\000c\000r\000i\000p\000t\000i\000o\000n}{subsection.17.25}% 124
\BOOKMARK [1][-]{section.18}{\376\377\0001\0008\000\040\000F\000i\000l\000e\000\040\000D\000o\000c\000u\000m\000e\000n\000t\000a\000t\000i\000o\000n}{}% 125
\BOOKMARK [2][-]{subsection.18.1}{\376\377\0001\0008\000.\0001\000\040\000s\000r\000c\000/\000d\000o\000c\000s\000/\000+\000e\000x\000a\000m\000p\000l\000e\000s\000/\000s\000t\000r\000u\000c\000t\000A\000r\000g\000F\000u\000n\000c\000.\000m\000\040\000F\000i\000l\000e\000\040\000R\000e\000f\000e\000r\000e\000n\000c\000e}{section.18}% 126
